# JRE version: OpenJDK Runtime Environment (8.0_242-b01) (build 1.8.0_242-release-1644-b01)
# Java VM: OpenJDK 64-Bit Server VM (25.242-b01 mixed mode windows-amd64 compressed oops)
Heap:
 PSYoungGen      total 411136K, used 396480K [0x00000000e0000000, 0x00000000fcb80000, 0x0000000100000000)
  eden space 366080K, 100% used [0x00000000e0000000,0x00000000f6580000,0x00000000f6580000)
  from space 45056K, 67% used [0x00000000f9f80000,0x00000000fbd301c0,0x00000000fcb80000)
  to   space 52224K, 71% used [0x00000000f6580000,0x00000000f8a092f8,0x00000000f9880000)
 ParOldGen       total 137216K, used 91567K [0x00000000a0000000, 0x00000000a8600000, 0x00000000e0000000)
  object space 137216K, 66% used [0x00000000a0000000,0x00000000a596bc40,0x00000000a8600000)
 Metaspace       used 72435K, capacity 76179K, committed 76504K, reserved 1116160K
  class space    used 9107K, capacity 9873K, committed 9984K, reserved 1048576K
GC Heap History (10 events):
Event: 610.841 GC heap after
Heap after GC invocations=21 (full 3):
 PSYoungGen      total 336384K, used 15703K [0x00000000e0000000, 0x00000000f7f80000, 0x0000000100000000)
  eden space 297472K, 0% used [0x00000000e0000000,0x00000000e0000000,0x00000000f2280000)
  from space 38912K, 40% used [0x00000000f5980000,0x00000000f68d5c50,0x00000000f7f80000)
  to   space 47616K, 0% used [0x00000000f2280000,0x00000000f2280000,0x00000000f5100000)
 ParOldGen       total 137216K, used 91535K [0x00000000a0000000, 0x00000000a8600000, 0x00000000e0000000)
  object space 137216K, 66% used [0x00000000a0000000,0x00000000a5963c40,0x00000000a8600000)
 Metaspace       used 70551K, capacity 73671K, committed 73944K, reserved 1114112K
  class space    used 8980K, capacity 9649K, committed 9728K, reserved 1048576K
}
Event: 643.869 GC heap before
{Heap before GC invocations=22 (full 3):
 PSYoungGen      total 336384K, used 313175K [0x00000000e0000000, 0x00000000f7f80000, 0x0000000100000000)
  eden space 297472K, 100% used [0x00000000e0000000,0x00000000f2280000,0x00000000f2280000)
  from space 38912K, 40% used [0x00000000f5980000,0x00000000f68d5c50,0x00000000f7f80000)
  to   space 47616K, 0% used [0x00000000f2280000,0x00000000f2280000,0x00000000f5100000)
 ParOldGen       total 137216K, used 91535K [0x00000000a0000000, 0x00000000a8600000, 0x00000000e0000000)
  object space 137216K, 66% used [0x00000000a0000000,0x00000000a5963c40,0x00000000a8600000)
 Metaspace       used 71310K, capacity 74905K, committed 75096K, reserved 1114112K
  class space    used 9068K, capacity 9810K, committed 9856K, reserved 1048576K
Event: 644.010 GC heap after
Heap after GC invocations=22 (full 3):
 PSYoungGen      total 345088K, used 30313K [0x00000000e0000000, 0x00000000fa600000, 0x0000000100000000)
  eden space 297472K, 0% used [0x00000000e0000000,0x00000000e0000000,0x00000000f2280000)
  from space 47616K, 63% used [0x00000000f2280000,0x00000000f401a740,0x00000000f5100000)
  to   space 48640K, 0% used [0x00000000f7680000,0x00000000f7680000,0x00000000fa600000)
 ParOldGen       total 137216K, used 91543K [0x00000000a0000000, 0x00000000a8600000, 0x00000000e0000000)
  object space 137216K, 66% used [0x00000000a0000000,0x00000000a5965c40,0x00000000a8600000)
 Metaspace       used 71310K, capacity 74905K, committed 75096K, reserved 1114112K
  class space    used 9068K, capacity 9810K, committed 9856K, reserved 1048576K
}
Event: 646.506 GC heap before
{Heap before GC invocations=23 (full 3):
 PSYoungGen      total 345088K, used 327772K [0x00000000e0000000, 0x00000000fa600000, 0x0000000100000000)
  eden space 297472K, 99% used [0x00000000e0000000,0x00000000f227c8c8,0x00000000f2280000)
  from space 47616K, 63% used [0x00000000f2280000,0x00000000f401a740,0x00000000f5100000)
  to   space 48640K, 0% used [0x00000000f7680000,0x00000000f7680000,0x00000000fa600000)
 ParOldGen       total 137216K, used 91543K [0x00000000a0000000, 0x00000000a8600000, 0x00000000e0000000)
  object space 137216K, 66% used [0x00000000a0000000,0x00000000a5965c40,0x00000000a8600000)
 Metaspace       used 71496K, capacity 75167K, committed 75352K, reserved 1114112K
  class space    used 9069K, capacity 9811K, committed 9856K, reserved 1048576K
Event: 646.557 GC heap after
Heap after GC invocations=23 (full 3):
 PSYoungGen      total 384000K, used 25517K [0x00000000e0000000, 0x00000000fa500000, 0x0000000100000000)
  eden space 336384K, 0% used [0x00000000e0000000,0x00000000e0000000,0x00000000f4880000)
  from space 47616K, 53% used [0x00000000f7680000,0x00000000f8f6b570,0x00000000fa500000)
  to   space 47104K, 0% used [0x00000000f4880000,0x00000000f4880000,0x00000000f7680000)
 ParOldGen       total 137216K, used 91551K [0x00000000a0000000, 0x00000000a8600000, 0x00000000e0000000)
  object space 137216K, 66% used [0x00000000a0000000,0x00000000a5967c40,0x00000000a8600000)
 Metaspace       used 71496K, capacity 75167K, committed 75352K, reserved 1114112K
  class space    used 9069K, capacity 9811K, committed 9856K, reserved 1048576K
}
Event: 1200.987 GC heap before
{Heap before GC invocations=24 (full 3):
 PSYoungGen      total 384000K, used 361479K [0x00000000e0000000, 0x00000000fa500000, 0x0000000100000000)
  eden space 336384K, 99% used [0x00000000e0000000,0x00000000f48167b0,0x00000000f4880000)
  from space 47616K, 53% used [0x00000000f7680000,0x00000000f8f6b570,0x00000000fa500000)
  to   space 47104K, 0% used [0x00000000f4880000,0x00000000f4880000,0x00000000f7680000)
 ParOldGen       total 137216K, used 91551K [0x00000000a0000000, 0x00000000a8600000, 0x00000000e0000000)
  object space 137216K, 66% used [0x00000000a0000000,0x00000000a5967c40,0x00000000a8600000)
 Metaspace       used 71932K, capacity 75547K, committed 75608K, reserved 1116160K
  class space    used 9079K, capacity 9821K, committed 9856K, reserved 1048576K
Event: 1201.050 GC heap after
Heap after GC invocations=24 (full 3):
 PSYoungGen      total 383488K, used 44103K [0x00000000e0000000, 0x00000000fd300000, 0x0000000100000000)
  eden space 336384K, 0% used [0x00000000e0000000,0x00000000e0000000,0x00000000f4880000)
  from space 47104K, 93% used [0x00000000f4880000,0x00000000f7391de0,0x00000000f7680000)
  to   space 52736K, 0% used [0x00000000f9f80000,0x00000000f9f80000,0x00000000fd300000)
 ParOldGen       total 137216K, used 91559K [0x00000000a0000000, 0x00000000a8600000, 0x00000000e0000000)
  object space 137216K, 66% used [0x00000000a0000000,0x00000000a5969c40,0x00000000a8600000)
 Metaspace       used 71932K, capacity 75547K, committed 75608K, reserved 1116160K
  class space    used 9079K, capacity 9821K, committed 9856K, reserved 1048576K
}
Event: 1299.309 GC heap before
{Heap before GC invocations=25 (full 3):
 PSYoungGen      total 383488K, used 379340K [0x00000000e0000000, 0x00000000fd300000, 0x0000000100000000)
  eden space 336384K, 99% used [0x00000000e0000000,0x00000000f4761420,0x00000000f4880000)
  from space 47104K, 93% used [0x00000000f4880000,0x00000000f7391de0,0x00000000f7680000)
  to   space 52736K, 0% used [0x00000000f9f80000,0x00000000f9f80000,0x00000000fd300000)
 ParOldGen       total 137216K, used 91559K [0x00000000a0000000, 0x00000000a8600000, 0x00000000e0000000)
  object space 137216K, 66% used [0x00000000a0000000,0x00000000a5969c40,0x00000000a8600000)
 Metaspace       used 72202K, capacity 75851K, committed 76120K, reserved 1116160K
  class space    used 9083K, capacity 9829K, committed 9856K, reserved 1048576K
Event: 1299.363 GC heap after
Heap after GC invocations=25 (full 3):
 PSYoungGen      total 411136K, used 30400K [0x00000000e0000000, 0x00000000fcb80000, 0x0000000100000000)
  eden space 366080K, 0% used [0x00000000e0000000,0x00000000e0000000,0x00000000f6580000)
  from space 45056K, 67% used [0x00000000f9f80000,0x00000000fbd301c0,0x00000000fcb80000)
  to   space 52224K, 0% used [0x00000000f6580000,0x00000000f6580000,0x00000000f9880000)
 ParOldGen       total 137216K, used 91567K [0x00000000a0000000, 0x00000000a8600000, 0x00000000e0000000)
  object space 137216K, 66% used [0x00000000a0000000,0x00000000a596bc40,0x00000000a8600000)
 Metaspace       used 72202K, capacity 75851K, committed 76120K, reserved 1116160K
  class space    used 9083K, capacity 9829K, committed 9856K, reserved 1048576K
}
Event: 1917.545 GC heap before
{Heap before GC invocations=26 (full 3):
 PSYoungGen      total 411136K, used 396480K [0x00000000e0000000, 0x00000000fcb80000, 0x0000000100000000)
  eden space 366080K, 100% used [0x00000000e0000000,0x00000000f6580000,0x00000000f6580000)
  from space 45056K, 67% used [0x00000000f9f80000,0x00000000fbd301c0,0x00000000fcb80000)
  to   space 52224K, 0% used [0x00000000f6580000,0x00000000f6580000,0x00000000f9880000)
 ParOldGen       total 137216K, used 91567K [0x00000000a0000000, 0x00000000a8600000, 0x00000000e0000000)
  object space 137216K, 66% used [0x00000000a0000000,0x00000000a596bc40,0x00000000a8600000)
 Metaspace       used 72435K, capacity 76179K, committed 76504K, reserved 1116160K
  class space    used 9107K, capacity 9873K, committed 9984K, reserved 1048576K

