# JRE version: OpenJDK Runtime Environment (11.0.10) (build 11.0.10+0-b96-7249189)
# Java VM: OpenJDK 64-Bit Server VM (11.0.10+0-b96-7249189, mixed mode, tiered, compressed oops, g1 gc, windows-amd64)
Heap:
 garbage-first heap   total 560128K, used 483887K [0x00000000a0000000, 0x0000000100000000)
  region size 1024K, 145 young (148480K), 10 survivors (10240K)
 Metaspace       used 160248K, capacity 165666K, committed 165888K, reserved 1193984K
  class space    used 19404K, capacity 21247K, committed 21248K, reserved 1048576K
GC Heap History (20 events):
Event: 1652.484 GC heap before
{Heap before GC invocations=142 (full 0):
 garbage-first heap   total 560128K, used 461312K [0x00000000a0000000, 0x0000000100000000)
  region size 1024K, 175 young (179200K), 17 survivors (17408K)
 Metaspace       used 160151K, capacity 165579K, committed 165632K, reserved 1193984K
  class space    used 19398K, capacity 21242K, committed 21248K, reserved 1048576K
}
Event: 1652.549 GC heap after
{Heap after GC invocations=143 (full 0):
 garbage-first heap   total 560128K, used 311808K [0x00000000a0000000, 0x0000000100000000)
  region size 1024K, 19 young (19456K), 19 survivors (19456K)
 Metaspace       used 160151K, capacity 165579K, committed 165632K, reserved 1193984K
  class space    used 19398K, capacity 21242K, committed 21248K, reserved 1048576K
}
Event: 1653.033 GC heap before
{Heap before GC invocations=143 (full 0):
 garbage-first heap   total 560128K, used 462336K [0x00000000a0000000, 0x0000000100000000)
  region size 1024K, 167 young (171008K), 19 survivors (19456K)
 Metaspace       used 160166K, capacity 165583K, committed 165632K, reserved 1193984K
  class space    used 19398K, capacity 21242K, committed 21248K, reserved 1048576K
}
Event: 1653.085 GC heap after
{Heap after GC invocations=144 (full 0):
 garbage-first heap   total 560128K, used 313744K [0x00000000a0000000, 0x0000000100000000)
  region size 1024K, 6 young (6144K), 6 survivors (6144K)
 Metaspace       used 160166K, capacity 165583K, committed 165632K, reserved 1193984K
  class space    used 19398K, capacity 21242K, committed 21248K, reserved 1048576K
}
Event: 1653.607 GC heap before
{Heap before GC invocations=144 (full 0):
 garbage-first heap   total 560128K, used 468368K [0x00000000a0000000, 0x0000000100000000)
  region size 1024K, 157 young (160768K), 6 survivors (6144K)
 Metaspace       used 160176K, capacity 165586K, committed 165632K, reserved 1193984K
  class space    used 19399K, capacity 21243K, committed 21248K, reserved 1048576K
}
Event: 1653.644 GC heap after
{Heap after GC invocations=145 (full 0):
 garbage-first heap   total 560128K, used 316074K [0x00000000a0000000, 0x0000000100000000)
  region size 1024K, 8 young (8192K), 8 survivors (8192K)
 Metaspace       used 160176K, capacity 165586K, committed 165632K, reserved 1193984K
  class space    used 19399K, capacity 21243K, committed 21248K, reserved 1048576K
}
Event: 1654.114 GC heap before
{Heap before GC invocations=145 (full 0):
 garbage-first heap   total 560128K, used 473770K [0x00000000a0000000, 0x0000000100000000)
  region size 1024K, 162 young (165888K), 8 survivors (8192K)
 Metaspace       used 160194K, capacity 165656K, committed 165888K, reserved 1193984K
  class space    used 19402K, capacity 21245K, committed 21248K, reserved 1048576K
}
Event: 1654.138 GC heap after
{Heap after GC invocations=146 (full 0):
 garbage-first heap   total 560128K, used 318352K [0x00000000a0000000, 0x0000000100000000)
  region size 1024K, 10 young (10240K), 10 survivors (10240K)
 Metaspace       used 160194K, capacity 165656K, committed 165888K, reserved 1193984K
  class space    used 19402K, capacity 21245K, committed 21248K, reserved 1048576K
}
Event: 1654.644 GC heap before
{Heap before GC invocations=146 (full 0):
 garbage-first heap   total 560128K, used 478096K [0x00000000a0000000, 0x0000000100000000)
  region size 1024K, 166 young (169984K), 10 survivors (10240K)
 Metaspace       used 160200K, capacity 165657K, committed 165888K, reserved 1193984K
  class space    used 19403K, capacity 21245K, committed 21248K, reserved 1048576K
}
Event: 1654.688 GC heap after
{Heap after GC invocations=147 (full 0):
 garbage-first heap   total 560128K, used 320850K [0x00000000a0000000, 0x0000000100000000)
  region size 1024K, 13 young (13312K), 13 survivors (13312K)
 Metaspace       used 160200K, capacity 165657K, committed 165888K, reserved 1193984K
  class space    used 19403K, capacity 21245K, committed 21248K, reserved 1048576K
}
Event: 1655.295 GC heap before
{Heap before GC invocations=147 (full 0):
 garbage-first heap   total 560128K, used 480594K [0x00000000a0000000, 0x0000000100000000)
  region size 1024K, 169 young (173056K), 13 survivors (13312K)
 Metaspace       used 160214K, capacity 165658K, committed 165888K, reserved 1193984K
  class space    used 19403K, capacity 21245K, committed 21248K, reserved 1048576K
}
Event: 1655.335 GC heap after
{Heap after GC invocations=148 (full 0):
 garbage-first heap   total 560128K, used 322083K [0x00000000a0000000, 0x0000000100000000)
  region size 1024K, 9 young (9216K), 9 survivors (9216K)
 Metaspace       used 160214K, capacity 165658K, committed 165888K, reserved 1193984K
  class space    used 19403K, capacity 21245K, committed 21248K, reserved 1048576K
}
Event: 1655.845 GC heap before
{Heap before GC invocations=148 (full 0):
 garbage-first heap   total 560128K, used 484899K [0x00000000a0000000, 0x0000000100000000)
  region size 1024K, 167 young (171008K), 9 survivors (9216K)
 Metaspace       used 160224K, capacity 165660K, committed 165888K, reserved 1193984K
  class space    used 19403K, capacity 21245K, committed 21248K, reserved 1048576K
}
Event: 1655.883 GC heap after
{Heap after GC invocations=149 (full 0):
 garbage-first heap   total 560128K, used 323541K [0x00000000a0000000, 0x0000000100000000)
  region size 1024K, 11 young (11264K), 11 survivors (11264K)
 Metaspace       used 160224K, capacity 165660K, committed 165888K, reserved 1193984K
  class space    used 19403K, capacity 21245K, committed 21248K, reserved 1048576K
}
Event: 1656.409 GC heap before
{Heap before GC invocations=149 (full 0):
 garbage-first heap   total 560128K, used 486357K [0x00000000a0000000, 0x0000000100000000)
  region size 1024K, 169 young (173056K), 11 survivors (11264K)
 Metaspace       used 160228K, capacity 165660K, committed 165888K, reserved 1193984K
  class space    used 19403K, capacity 21245K, committed 21248K, reserved 1048576K
}
Event: 1656.473 GC heap after
{Heap after GC invocations=150 (full 0):
 garbage-first heap   total 560128K, used 337558K [0x00000000a0000000, 0x0000000100000000)
  region size 1024K, 22 young (22528K), 22 survivors (22528K)
 Metaspace       used 160228K, capacity 165660K, committed 165888K, reserved 1193984K
  class space    used 19403K, capacity 21245K, committed 21248K, reserved 1048576K
}
Event: 1656.873 GC heap before
{Heap before GC invocations=150 (full 0):
 garbage-first heap   total 560128K, used 479894K [0x00000000a0000000, 0x0000000100000000)
  region size 1024K, 162 young (165888K), 22 survivors (22528K)
 Metaspace       used 160237K, capacity 165663K, committed 165888K, reserved 1193984K
  class space    used 19403K, capacity 21246K, committed 21248K, reserved 1048576K
}
Event: 1656.932 GC heap after
{Heap after GC invocations=151 (full 0):
 garbage-first heap   total 560128K, used 344111K [0x00000000a0000000, 0x0000000100000000)
  region size 1024K, 9 young (9216K), 9 survivors (9216K)
 Metaspace       used 160237K, capacity 165663K, committed 165888K, reserved 1193984K
  class space    used 19403K, capacity 21246K, committed 21248K, reserved 1048576K
}
Event: 1657.331 GC heap before
{Heap before GC invocations=151 (full 0):
 garbage-first heap   total 560128K, used 480303K [0x00000000a0000000, 0x0000000100000000)
  region size 1024K, 142 young (145408K), 9 survivors (9216K)
 Metaspace       used 160244K, capacity 165666K, committed 165888K, reserved 1193984K
  class space    used 19404K, capacity 21247K, committed 21248K, reserved 1048576K
}
Event: 1657.372 GC heap after
{Heap after GC invocations=152 (full 0):
 garbage-first heap   total 560128K, used 345647K [0x00000000a0000000, 0x0000000100000000)
  region size 1024K, 10 young (10240K), 10 survivors (10240K)
 Metaspace       used 160244K, capacity 165666K, committed 165888K, reserved 1193984K
  class space    used 19404K, capacity 21247K, committed 21248K, reserved 1048576K
}

