# JRE version: OpenJDK Runtime Environment (8.0_152-b01) (build 1.8.0_152-release-915-b01)
# Java VM: OpenJDK 64-Bit Server VM (25.152-b01 mixed mode windows-amd64 compressed oops)
Heap:
 PSYoungGen      total 163328K, used 163282K [0x00000000e0000000, 0x00000000f0380000, 0x0000000100000000)
  eden space 153600K, 100% used [0x00000000e0000000,0x00000000e9600000,0x00000000e9600000)
  from space 9728K, 99% used [0x00000000ee600000,0x00000000eef74860,0x00000000eef80000)
  to   space 20480K, 25% used [0x00000000eef80000,0x00000000ef490020,0x00000000f0380000)
 ParOldGen       total 108544K, used 72896K [0x00000000a0000000, 0x00000000a6a00000, 0x00000000e0000000)
  object space 108544K, 67% used [0x00000000a0000000,0x00000000a4730050,0x00000000a6a00000)
 Metaspace       used 81732K, capacity 89674K, committed 89856K, reserved 1126400K
  class space    used 10459K, capacity 12229K, committed 12288K, reserved 1048576K
GC Heap History (10 events):
Event: 4431.759 GC heap after
Heap after GC invocations=32 (full 3):
 PSYoungGen      total 187904K, used 9094K [0x00000000e0000000, 0x00000000f2b00000, 0x0000000100000000)
  eden space 178688K, 0% used [0x00000000e0000000,0x00000000e0000000,0x00000000eae80000)
  from space 9216K, 98% used [0x00000000f0680000,0x00000000f0f61838,0x00000000f0f80000)
  to   space 23040K, 0% used [0x00000000f1480000,0x00000000f1480000,0x00000000f2b00000)
 ParOldGen       total 108544K, used 71257K [0x00000000a0000000, 0x00000000a6a00000, 0x00000000e0000000)
  object space 108544K, 65% used [0x00000000a0000000,0x00000000a4596700,0x00000000a6a00000)
 Metaspace       used 81099K, capacity 88658K, committed 88960K, reserved 1126400K
  class space    used 10399K, capacity 12049K, committed 12160K, reserved 1048576K
}
Event: 4433.890 GC heap before
{Heap before GC invocations=33 (full 3):
 PSYoungGen      total 187904K, used 187782K [0x00000000e0000000, 0x00000000f2b00000, 0x0000000100000000)
  eden space 178688K, 100% used [0x00000000e0000000,0x00000000eae80000,0x00000000eae80000)
  from space 9216K, 98% used [0x00000000f0680000,0x00000000f0f61838,0x00000000f0f80000)
  to   space 23040K, 0% used [0x00000000f1480000,0x00000000f1480000,0x00000000f2b00000)
 ParOldGen       total 108544K, used 71257K [0x00000000a0000000, 0x00000000a6a00000, 0x00000000e0000000)
  object space 108544K, 65% used [0x00000000a0000000,0x00000000a4596700,0x00000000a6a00000)
 Metaspace       used 81272K, capacity 88912K, committed 89216K, reserved 1126400K
  class space    used 10410K, capacity 12088K, committed 12160K, reserved 1048576K
Event: 4433.911 GC heap after
Heap after GC invocations=33 (full 3):
 PSYoungGen      total 189952K, used 17898K [0x00000000e0000000, 0x00000000f2600000, 0x0000000100000000)
  eden space 172032K, 0% used [0x00000000e0000000,0x00000000e0000000,0x00000000ea800000)
  from space 17920K, 99% used [0x00000000f1480000,0x00000000f25fa9d8,0x00000000f2600000)
  to   space 24064K, 0% used [0x00000000ef700000,0x00000000ef700000,0x00000000f0e80000)
 ParOldGen       total 108544K, used 71824K [0x00000000a0000000, 0x00000000a6a00000, 0x00000000e0000000)
  object space 108544K, 66% used [0x00000000a0000000,0x00000000a4624090,0x00000000a6a00000)
 Metaspace       used 81272K, capacity 88912K, committed 89216K, reserved 1126400K
  class space    used 10410K, capacity 12088K, committed 12160K, reserved 1048576K
}
Event: 4645.302 GC heap before
{Heap before GC invocations=34 (full 3):
 PSYoungGen      total 189952K, used 189930K [0x00000000e0000000, 0x00000000f2600000, 0x0000000100000000)
  eden space 172032K, 100% used [0x00000000e0000000,0x00000000ea800000,0x00000000ea800000)
  from space 17920K, 99% used [0x00000000f1480000,0x00000000f25fa9d8,0x00000000f2600000)
  to   space 24064K, 0% used [0x00000000ef700000,0x00000000ef700000,0x00000000f0e80000)
 ParOldGen       total 108544K, used 71824K [0x00000000a0000000, 0x00000000a6a00000, 0x00000000e0000000)
  object space 108544K, 66% used [0x00000000a0000000,0x00000000a4624090,0x00000000a6a00000)
 Metaspace       used 81409K, capacity 89160K, committed 89216K, reserved 1126400K
  class space    used 10428K, capacity 12138K, committed 12160K, reserved 1048576K
Event: 4645.325 GC heap after
Heap after GC invocations=34 (full 3):
 PSYoungGen      total 177664K, used 12253K [0x00000000e0000000, 0x00000000f1500000, 0x0000000100000000)
  eden space 165376K, 0% used [0x00000000e0000000,0x00000000e0000000,0x00000000ea180000)
  from space 12288K, 99% used [0x00000000ef700000,0x00000000f02f7448,0x00000000f0300000)
  to   space 18432K, 0% used [0x00000000f0300000,0x00000000f0300000,0x00000000f1500000)
 ParOldGen       total 108544K, used 72168K [0x00000000a0000000, 0x00000000a6a00000, 0x00000000e0000000)
  object space 108544K, 66% used [0x00000000a0000000,0x00000000a467a3c0,0x00000000a6a00000)
 Metaspace       used 81409K, capacity 89160K, committed 89216K, reserved 1126400K
  class space    used 10428K, capacity 12138K, committed 12160K, reserved 1048576K
}
Event: 4647.164 GC heap before
{Heap before GC invocations=35 (full 3):
 PSYoungGen      total 177664K, used 177628K [0x00000000e0000000, 0x00000000f1500000, 0x0000000100000000)
  eden space 165376K, 99% used [0x00000000e0000000,0x00000000ea17fc10,0x00000000ea180000)
  from space 12288K, 99% used [0x00000000ef700000,0x00000000f02f7448,0x00000000f0300000)
  to   space 18432K, 0% used [0x00000000f0300000,0x00000000f0300000,0x00000000f1500000)
 ParOldGen       total 108544K, used 72168K [0x00000000a0000000, 0x00000000a6a00000, 0x00000000e0000000)
  object space 108544K, 66% used [0x00000000a0000000,0x00000000a467a3c0,0x00000000a6a00000)
 Metaspace       used 81505K, capacity 89294K, committed 89472K, reserved 1126400K
  class space    used 10437K, capacity 12149K, committed 12160K, reserved 1048576K
Event: 4647.190 GC heap after
Heap after GC invocations=35 (full 3):
 PSYoungGen      total 176640K, used 17168K [0x00000000e0000000, 0x00000000f1400000, 0x0000000100000000)
  eden space 159232K, 0% used [0x00000000e0000000,0x00000000e0000000,0x00000000e9b80000)
  from space 17408K, 98% used [0x00000000f0300000,0x00000000f13c4380,0x00000000f1400000)
  to   space 23552K, 0% used [0x00000000ee600000,0x00000000ee600000,0x00000000efd00000)
 ParOldGen       total 108544K, used 72407K [0x00000000a0000000, 0x00000000a6a00000, 0x00000000e0000000)
  object space 108544K, 66% used [0x00000000a0000000,0x00000000a46b5d40,0x00000000a6a00000)
 Metaspace       used 81505K, capacity 89294K, committed 89472K, reserved 1126400K
  class space    used 10437K, capacity 12149K, committed 12160K, reserved 1048576K
}
Event: 4851.936 GC heap before
{Heap before GC invocations=36 (full 3):
 PSYoungGen      total 176640K, used 176400K [0x00000000e0000000, 0x00000000f1400000, 0x0000000100000000)
  eden space 159232K, 100% used [0x00000000e0000000,0x00000000e9b80000,0x00000000e9b80000)
  from space 17408K, 98% used [0x00000000f0300000,0x00000000f13c4380,0x00000000f1400000)
  to   space 23552K, 0% used [0x00000000ee600000,0x00000000ee600000,0x00000000efd00000)
 ParOldGen       total 108544K, used 72407K [0x00000000a0000000, 0x00000000a6a00000, 0x00000000e0000000)
  object space 108544K, 66% used [0x00000000a0000000,0x00000000a46b5d40,0x00000000a6a00000)
 Metaspace       used 81650K, capacity 89490K, committed 89600K, reserved 1126400K
  class space    used 10448K, capacity 12189K, committed 12288K, reserved 1048576K
Event: 4851.976 GC heap after
Heap after GC invocations=36 (full 3):
 PSYoungGen      total 163328K, used 9682K [0x00000000e0000000, 0x00000000f0380000, 0x0000000100000000)
  eden space 153600K, 0% used [0x00000000e0000000,0x00000000e0000000,0x00000000e9600000)
  from space 9728K, 99% used [0x00000000ee600000,0x00000000eef74860,0x00000000eef80000)
  to   space 20480K, 0% used [0x00000000eef80000,0x00000000eef80000,0x00000000f0380000)
 ParOldGen       total 108544K, used 72589K [0x00000000a0000000, 0x00000000a6a00000, 0x00000000e0000000)
  object space 108544K, 66% used [0x00000000a0000000,0x00000000a46e36d0,0x00000000a6a00000)
 Metaspace       used 81650K, capacity 89490K, committed 89600K, reserved 1126400K
  class space    used 10448K, capacity 12189K, committed 12288K, reserved 1048576K
}
Event: 5012.420 GC heap before
{Heap before GC invocations=37 (full 3):
 PSYoungGen      total 163328K, used 163282K [0x00000000e0000000, 0x00000000f0380000, 0x0000000100000000)
  eden space 153600K, 100% used [0x00000000e0000000,0x00000000e9600000,0x00000000e9600000)
  from space 9728K, 99% used [0x00000000ee600000,0x00000000eef74860,0x00000000eef80000)
  to   space 20480K, 0% used [0x00000000eef80000,0x00000000eef80000,0x00000000f0380000)
 ParOldGen       total 108544K, used 72589K [0x00000000a0000000, 0x00000000a6a00000, 0x00000000e0000000)
  object space 108544K, 66% used [0x00000000a0000000,0x00000000a46e36d0,0x00000000a6a00000)
 Metaspace       used 81732K, capacity 89674K, committed 89856K, reserved 1126400K
  class space    used 10459K, capacity 12229K, committed 12288K, reserved 1048576K

